Build started 2/3/2015 10:00:23 AM.
     1>Project "C:\Users\JagunJagun\Documents\Visual Studio 2010\Projects\Jacobi.cpp\Jacobi.cpp\Jacobi.cpp.vcxproj" on node 2 (build target(s)).
     1>InitializeBuildStatus:
         Creating "Debug\Jacobi.cpp.unsuccessfulbuild" because "AlwaysCreate" was specified.
       ClCompile:
         C:\Program Files (x86)\Microsoft Visual Studio 10.0\VC\bin\CL.exe /c /ZI /nologo /W3 /WX- /Od /Oy- /D WIN32 /D _DEBUG /D _CONSOLE /D _UNICODE /D UNICODE /Gm /EHsc /RTC1 /MDd /GS /fp:precise /Zc:wchar_t /Zc:forScope /Fo"Debug\\" /Fd"Debug\vc100.pdb" /Gd /TP /analyze- /errorReport:prompt JacobiHw1.cpp
         JacobiHw1.cpp
     1>c:\users\jagunjagun\documents\visual studio 2010\projects\jacobi.cpp\jacobi.cpp\jacobihw1.cpp(18): warning C4244: 'initializing' : conversion from 'double' to 'float', possible loss of data
     1>c:\users\jagunjagun\documents\visual studio 2010\projects\jacobi.cpp\jacobi.cpp\jacobihw1.cpp(7): warning C4101: 'n' : unreferenced local variable
       ManifestResourceCompile:
         All outputs are up-to-date.
       Link:
         C:\Program Files (x86)\Microsoft Visual Studio 10.0\VC\bin\link.exe /ERRORREPORT:PROMPT /OUT:"C:\Users\JagunJagun\Documents\Visual Studio 2010\Projects\Jacobi.cpp\Debug\Jacobi.cpp.exe" /INCREMENTAL /NOLOGO kernel32.lib user32.lib gdi32.lib winspool.lib comdlg32.lib advapi32.lib shell32.lib ole32.lib oleaut32.lib uuid.lib odbc32.lib odbccp32.lib /MANIFEST /ManifestFile:"Debug\Jacobi.cpp.exe.intermediate.manifest" /MANIFESTUAC:"level='asInvoker' uiAccess='false'" /DEBUG /PDB:"C:\Users\JagunJagun\Documents\Visual Studio 2010\Projects\Jacobi.cpp\Debug\Jacobi.cpp.pdb" /SUBSYSTEM:CONSOLE /TLBID:1 /DYNAMICBASE /NXCOMPAT /IMPLIB:"C:\Users\JagunJagun\Documents\Visual Studio 2010\Projects\Jacobi.cpp\Debug\Jacobi.cpp.lib" /MACHINE:X86 Debug\Jacobi.cpp.exe.embed.manifest.res
         Debug\JacobiHw1.obj
       Manifest:
         C:\Program Files (x86)\Microsoft SDKs\Windows\v7.0A\bin\mt.exe /nologo /verbose /out:"Debug\Jacobi.cpp.exe.embed.manifest" /manifest Debug\Jacobi.cpp.exe.intermediate.manifest
         All outputs are up-to-date.
       LinkEmbedManifest:
         All outputs are up-to-date.
         Jacobi.cpp.vcxproj -> C:\Users\JagunJagun\Documents\Visual Studio 2010\Projects\Jacobi.cpp\Debug\Jacobi.cpp.exe
       FinalizeBuildStatus:
         Deleting file "Debug\Jacobi.cpp.unsuccessfulbuild".
         Touching "Debug\Jacobi.cpp.lastbuildstate".
     1>Done Building Project "C:\Users\JagunJagun\Documents\Visual Studio 2010\Projects\Jacobi.cpp\Jacobi.cpp\Jacobi.cpp.vcxproj" (build target(s)).

Build succeeded.

Time Elapsed 00:00:00.82
