Build started 2/5/2015 1:02:56 PM.
     1>Project "C:\Users\JagunJagun\Documents\Visual Studio 2010\Projects\RelaxationSOR\RelaxationSOR\RelaxationSOR.vcxproj" on node 2 (build target(s)).
     1>InitializeBuildStatus:
         Creating "Debug\RelaxationSOR.unsuccessfulbuild" because "AlwaysCreate" was specified.
       ClCompile:
         C:\Program Files (x86)\Microsoft Visual Studio 10.0\VC\bin\CL.exe /c /ZI /nologo /W3 /WX- /Od /Oy- /D WIN32 /D _DEBUG /D _CONSOLE /D _UNICODE /D UNICODE /Gm /EHsc /RTC1 /MDd /GS /fp:precise /Zc:wchar_t /Zc:forScope /Fo"Debug\\" /Fd"Debug\vc100.pdb" /Gd /TP /analyze- /errorReport:prompt SORHw2.cpp
         SORHw2.cpp
       ManifestResourceCompile:
         All outputs are up-to-date.
       Link:
         C:\Program Files (x86)\Microsoft Visual Studio 10.0\VC\bin\link.exe /ERRORREPORT:PROMPT /OUT:"C:\Users\JagunJagun\Documents\Visual Studio 2010\Projects\RelaxationSOR\Debug\RelaxationSOR.exe" /INCREMENTAL /NOLOGO kernel32.lib user32.lib gdi32.lib winspool.lib comdlg32.lib advapi32.lib shell32.lib ole32.lib oleaut32.lib uuid.lib odbc32.lib odbccp32.lib /MANIFEST /ManifestFile:"Debug\RelaxationSOR.exe.intermediate.manifest" /MANIFESTUAC:"level='asInvoker' uiAccess='false'" /DEBUG /PDB:"C:\Users\JagunJagun\Documents\Visual Studio 2010\Projects\RelaxationSOR\Debug\RelaxationSOR.pdb" /SUBSYSTEM:CONSOLE /TLBID:1 /DYNAMICBASE /NXCOMPAT /IMPLIB:"C:\Users\JagunJagun\Documents\Visual Studio 2010\Projects\RelaxationSOR\Debug\RelaxationSOR.lib" /MACHINE:X86 Debug\RelaxationSOR.exe.embed.manifest.res
         Debug\SORHw2.obj
       Manifest:
         C:\Program Files (x86)\Microsoft SDKs\Windows\v7.0A\bin\mt.exe /nologo /verbose /out:"Debug\RelaxationSOR.exe.embed.manifest" /manifest Debug\RelaxationSOR.exe.intermediate.manifest
         All outputs are up-to-date.
       LinkEmbedManifest:
         All outputs are up-to-date.
         RelaxationSOR.vcxproj -> C:\Users\JagunJagun\Documents\Visual Studio 2010\Projects\RelaxationSOR\Debug\RelaxationSOR.exe
       FinalizeBuildStatus:
         Deleting file "Debug\RelaxationSOR.unsuccessfulbuild".
         Touching "Debug\RelaxationSOR.lastbuildstate".
     1>Done Building Project "C:\Users\JagunJagun\Documents\Visual Studio 2010\Projects\RelaxationSOR\RelaxationSOR\RelaxationSOR.vcxproj" (build target(s)).

Build succeeded.

Time Elapsed 00:00:01.17
