Build started 2/3/2015 10:22:11 AM.
     1>Project "C:\Users\JagunJagun\Documents\Visual Studio 2010\Projects\GaussSiedelHw\GaussSiedelHw\GaussSiedelHw.vcxproj" on node 2 (build target(s)).
     1>InitializeBuildStatus:
         Creating "Debug\GaussSiedelHw.unsuccessfulbuild" because "AlwaysCreate" was specified.
       ClCompile:
         C:\Program Files (x86)\Microsoft Visual Studio 10.0\VC\bin\CL.exe /c /ZI /nologo /W3 /WX- /Od /Oy- /D WIN32 /D _DEBUG /D _CONSOLE /D _UNICODE /D UNICODE /Gm /EHsc /RTC1 /MDd /GS /fp:precise /Zc:wchar_t /Zc:forScope /Fo"Debug\\" /Fd"Debug\vc100.pdb" /Gd /TP /analyze- /errorReport:prompt GaussSiedelHw.cpp
         GaussSiedelHw.cpp
       ManifestResourceCompile:
         All outputs are up-to-date.
       Link:
         C:\Program Files (x86)\Microsoft Visual Studio 10.0\VC\bin\link.exe /ERRORREPORT:PROMPT /OUT:"C:\Users\JagunJagun\Documents\Visual Studio 2010\Projects\GaussSiedelHw\Debug\GaussSiedelHw.exe" /INCREMENTAL /NOLOGO kernel32.lib user32.lib gdi32.lib winspool.lib comdlg32.lib advapi32.lib shell32.lib ole32.lib oleaut32.lib uuid.lib odbc32.lib odbccp32.lib /MANIFEST /ManifestFile:"Debug\GaussSiedelHw.exe.intermediate.manifest" /MANIFESTUAC:"level='asInvoker' uiAccess='false'" /DEBUG /PDB:"C:\Users\JagunJagun\Documents\Visual Studio 2010\Projects\GaussSiedelHw\Debug\GaussSiedelHw.pdb" /SUBSYSTEM:CONSOLE /TLBID:1 /DYNAMICBASE /NXCOMPAT /IMPLIB:"C:\Users\JagunJagun\Documents\Visual Studio 2010\Projects\GaussSiedelHw\Debug\GaussSiedelHw.lib" /MACHINE:X86 Debug\GaussSiedelHw.exe.embed.manifest.res
         Debug\GaussSiedelHw.obj
       Manifest:
         C:\Program Files (x86)\Microsoft SDKs\Windows\v7.0A\bin\mt.exe /nologo /verbose /out:"Debug\GaussSiedelHw.exe.embed.manifest" /manifest Debug\GaussSiedelHw.exe.intermediate.manifest
         All outputs are up-to-date.
       LinkEmbedManifest:
         All outputs are up-to-date.
         GaussSiedelHw.vcxproj -> C:\Users\JagunJagun\Documents\Visual Studio 2010\Projects\GaussSiedelHw\Debug\GaussSiedelHw.exe
       FinalizeBuildStatus:
         Deleting file "Debug\GaussSiedelHw.unsuccessfulbuild".
         Touching "Debug\GaussSiedelHw.lastbuildstate".
     1>Done Building Project "C:\Users\JagunJagun\Documents\Visual Studio 2010\Projects\GaussSiedelHw\GaussSiedelHw\GaussSiedelHw.vcxproj" (build target(s)).

Build succeeded.

Time Elapsed 00:00:00.82
