Build started 2/3/2015 9:58:51 PM.
     1>Project "c:\Users\jagunjagun\documents\visual studio 2010\Projects\GaussSiedel80\GaussSiedel80\GaussSiedel80.vcxproj" on node 2 (build target(s)).
     1>InitializeBuildStatus:
         Creating "Debug\GaussSiedel80.unsuccessfulbuild" because "AlwaysCreate" was specified.
       ClCompile:
         C:\Program Files (x86)\Microsoft Visual Studio 10.0\VC\bin\CL.exe /c /ZI /nologo /W3 /WX- /Od /Oy- /D WIN32 /D _DEBUG /D _CONSOLE /D _UNICODE /D UNICODE /Gm /EHsc /RTC1 /MDd /GS /fp:precise /Zc:wchar_t /Zc:forScope /Fo"Debug\\" /Fd"Debug\vc100.pdb" /Gd /TP /analyze- /errorReport:prompt GS80.cpp
         GS80.cpp
       ManifestResourceCompile:
         All outputs are up-to-date.
       Link:
         C:\Program Files (x86)\Microsoft Visual Studio 10.0\VC\bin\link.exe /ERRORREPORT:PROMPT /OUT:"c:\users\jagunjagun\documents\visual studio 2010\Projects\GaussSiedel80\Debug\GaussSiedel80.exe" /INCREMENTAL /NOLOGO kernel32.lib user32.lib gdi32.lib winspool.lib comdlg32.lib advapi32.lib shell32.lib ole32.lib oleaut32.lib uuid.lib odbc32.lib odbccp32.lib /MANIFEST /ManifestFile:"Debug\GaussSiedel80.exe.intermediate.manifest" /MANIFESTUAC:"level='asInvoker' uiAccess='false'" /DEBUG /PDB:"c:\users\jagunjagun\documents\visual studio 2010\Projects\GaussSiedel80\Debug\GaussSiedel80.pdb" /SUBSYSTEM:CONSOLE /TLBID:1 /DYNAMICBASE /NXCOMPAT /IMPLIB:"c:\users\jagunjagun\documents\visual studio 2010\Projects\GaussSiedel80\Debug\GaussSiedel80.lib" /MACHINE:X86 Debug\GaussSiedel80.exe.embed.manifest.res
         Debug\GS80.obj
       Manifest:
         C:\Program Files (x86)\Microsoft SDKs\Windows\v7.0A\bin\mt.exe /nologo /verbose /out:"Debug\GaussSiedel80.exe.embed.manifest" /manifest Debug\GaussSiedel80.exe.intermediate.manifest
         All outputs are up-to-date.
       LinkEmbedManifest:
         All outputs are up-to-date.
         GaussSiedel80.vcxproj -> c:\users\jagunjagun\documents\visual studio 2010\Projects\GaussSiedel80\Debug\GaussSiedel80.exe
       FinalizeBuildStatus:
         Deleting file "Debug\GaussSiedel80.unsuccessfulbuild".
         Touching "Debug\GaussSiedel80.lastbuildstate".
     1>Done Building Project "c:\Users\jagunjagun\documents\visual studio 2010\Projects\GaussSiedel80\GaussSiedel80\GaussSiedel80.vcxproj" (build target(s)).

Build succeeded.

Time Elapsed 00:00:00.87
