Build started 4/24/2015 5:45:40 PM.
     1>Project "c:\Users\jagunjagun\documents\visual studio 2010\Projects\hw8\hw8\hw8.vcxproj" on node 2 (build target(s)).
     1>InitializeBuildStatus:
         Creating "Debug\hw8.unsuccessfulbuild" because "AlwaysCreate" was specified.
       ClCompile:
         C:\Program Files (x86)\Microsoft Visual Studio 10.0\VC\bin\CL.exe /c /ZI /nologo /W3 /WX- /Od /Oy- /D WIN32 /D _DEBUG /D _CONSOLE /D _UNICODE /D UNICODE /Gm /EHsc /RTC1 /MDd /GS /fp:precise /Zc:wchar_t /Zc:forScope /Fo"Debug\\" /Fd"Debug\vc100.pdb" /Gd /TP /analyze- /errorReport:prompt Hwk8.cpp
         Hwk8.cpp
     1>c:\users\jagunjagun\documents\visual studio 2010\projects\hw8\hw8\hwk8.cpp(7): warning C4101: 'i' : unreferenced local variable
     1>c:\users\jagunjagun\documents\visual studio 2010\projects\hw8\hw8\hwk8.cpp(7): warning C4101: 'j' : unreferenced local variable
       ManifestResourceCompile:
         All outputs are up-to-date.
       Link:
         C:\Program Files (x86)\Microsoft Visual Studio 10.0\VC\bin\link.exe /ERRORREPORT:PROMPT /OUT:"c:\users\jagunjagun\documents\visual studio 2010\Projects\hw8\Debug\hw8.exe" /INCREMENTAL /NOLOGO kernel32.lib user32.lib gdi32.lib winspool.lib comdlg32.lib advapi32.lib shell32.lib ole32.lib oleaut32.lib uuid.lib odbc32.lib odbccp32.lib /MANIFEST /ManifestFile:"Debug\hw8.exe.intermediate.manifest" /MANIFESTUAC:"level='asInvoker' uiAccess='false'" /DEBUG /PDB:"c:\users\jagunjagun\documents\visual studio 2010\Projects\hw8\Debug\hw8.pdb" /SUBSYSTEM:CONSOLE /TLBID:1 /DYNAMICBASE /NXCOMPAT /IMPLIB:"c:\users\jagunjagun\documents\visual studio 2010\Projects\hw8\Debug\hw8.lib" /MACHINE:X86 Debug\hw8.exe.embed.manifest.res
         Debug\Hwk8.obj
       Manifest:
         C:\Program Files (x86)\Microsoft SDKs\Windows\v7.0A\bin\mt.exe /nologo /verbose /out:"Debug\hw8.exe.embed.manifest" /manifest Debug\hw8.exe.intermediate.manifest
         All outputs are up-to-date.
       LinkEmbedManifest:
         All outputs are up-to-date.
         hw8.vcxproj -> c:\users\jagunjagun\documents\visual studio 2010\Projects\hw8\Debug\hw8.exe
       FinalizeBuildStatus:
         Deleting file "Debug\hw8.unsuccessfulbuild".
         Touching "Debug\hw8.lastbuildstate".
     1>Done Building Project "c:\Users\jagunjagun\documents\visual studio 2010\Projects\hw8\hw8\hw8.vcxproj" (build target(s)).

Build succeeded.

Time Elapsed 00:00:00.78
